Analysis & Synthesis report for lab6part1
Sun Mar 22 01:20:46 2015
Quartus II 32-bit Version 11.1 Build 259 01/25/2012 Service Pack 2 SJ Web Edition


---------------------
; Table of Contents ;
---------------------
  1. Legal Notice
  2. Analysis & Synthesis Summary
  3. Analysis & Synthesis Settings
  4. Parallel Compilation
  5. Analysis & Synthesis Source Files Read
  6. Analysis & Synthesis Resource Usage Summary
  7. Analysis & Synthesis Resource Utilization by Entity
  8. User-Specified and Inferred Latches
  9. General Register Statistics
 10. Multiplexer Restructuring Statistics (Restructuring Performed)
 11. Parameter Settings for User Entity Instance: l6:comb_21|regn:reg_IR
 12. Parameter Settings for User Entity Instance: l6:comb_21|regn:reg_A
 13. Parameter Settings for User Entity Instance: l6:comb_21|regn:reg_G
 14. Parameter Settings for User Entity Instance: l6:comb_21|regn:reg_0
 15. Parameter Settings for User Entity Instance: l6:comb_21|regn:reg_1
 16. Port Connectivity Checks: "l6:comb_21|dec3to8:decY"
 17. Port Connectivity Checks: "l6:comb_21|dec3to8:decX"
 18. Port Connectivity Checks: "l6:comb_21"
 19. Elapsed Time Per Partition
 20. Analysis & Synthesis Messages



----------------
; Legal Notice ;
----------------
Copyright (C) 1991-2011 Altera Corporation
Your use of Altera Corporation's design tools, logic functions 
and other software and tools, and its AMPP partner logic 
functions, and any output files from any of the foregoing 
(including device programming or simulation files), and any 
associated documentation or information are expressly subject 
to the terms and conditions of the Altera Program License 
Subscription Agreement, Altera MegaCore Function License 
Agreement, or other applicable license agreement, including, 
without limitation, that your use is for the sole purpose of 
programming logic devices manufactured by Altera and sold by 
Altera or its authorized distributors.  Please refer to the 
applicable agreement for further details.



+------------------------------------------------------------------------------------+
; Analysis & Synthesis Summary                                                       ;
+------------------------------------+-----------------------------------------------+
; Analysis & Synthesis Status        ; Successful - Sun Mar 22 01:20:46 2015         ;
; Quartus II 32-bit Version          ; 11.1 Build 259 01/25/2012 SP 2 SJ Web Edition ;
; Revision Name                      ; lab6part1                                     ;
; Top-level Entity Name              ; lab6part1                                     ;
; Family                             ; Cyclone II                                    ;
; Total logic elements               ; 182                                           ;
;     Total combinational functions  ; 141                                           ;
;     Dedicated logic registers      ; 75                                            ;
; Total registers                    ; 75                                            ;
; Total pins                         ; 57                                            ;
; Total virtual pins                 ; 0                                             ;
; Total memory bits                  ; 0                                             ;
; Embedded Multiplier 9-bit elements ; 0                                             ;
; Total PLLs                         ; 0                                             ;
+------------------------------------+-----------------------------------------------+


+----------------------------------------------------------------------------------------------------------------------+
; Analysis & Synthesis Settings                                                                                        ;
+----------------------------------------------------------------------------+--------------------+--------------------+
; Option                                                                     ; Setting            ; Default Value      ;
+----------------------------------------------------------------------------+--------------------+--------------------+
; Device                                                                     ; EP2C35F672C6       ;                    ;
; Top-level entity name                                                      ; lab6part1          ; lab6part1          ;
; Family name                                                                ; Cyclone II         ; Cyclone IV GX      ;
; Use smart compilation                                                      ; Off                ; Off                ;
; Enable parallel Assembler and TimeQuest Timing Analyzer during compilation ; On                 ; On                 ;
; Enable compact report table                                                ; Off                ; Off                ;
; Restructure Multiplexers                                                   ; Auto               ; Auto               ;
; Create Debugging Nodes for IP Cores                                        ; Off                ; Off                ;
; Preserve fewer node names                                                  ; On                 ; On                 ;
; Disable OpenCore Plus hardware evaluation                                  ; Off                ; Off                ;
; Verilog Version                                                            ; Verilog_2001       ; Verilog_2001       ;
; VHDL Version                                                               ; VHDL_1993          ; VHDL_1993          ;
; State Machine Processing                                                   ; Auto               ; Auto               ;
; Safe State Machine                                                         ; Off                ; Off                ;
; Extract Verilog State Machines                                             ; On                 ; On                 ;
; Extract VHDL State Machines                                                ; On                 ; On                 ;
; Ignore Verilog initial constructs                                          ; Off                ; Off                ;
; Iteration limit for constant Verilog loops                                 ; 5000               ; 5000               ;
; Iteration limit for non-constant Verilog loops                             ; 250                ; 250                ;
; Add Pass-Through Logic to Inferred RAMs                                    ; On                 ; On                 ;
; Infer RAMs from Raw Logic                                                  ; On                 ; On                 ;
; Parallel Synthesis                                                         ; On                 ; On                 ;
; DSP Block Balancing                                                        ; Auto               ; Auto               ;
; NOT Gate Push-Back                                                         ; On                 ; On                 ;
; Power-Up Don't Care                                                        ; On                 ; On                 ;
; Remove Redundant Logic Cells                                               ; Off                ; Off                ;
; Remove Duplicate Registers                                                 ; On                 ; On                 ;
; Ignore CARRY Buffers                                                       ; Off                ; Off                ;
; Ignore CASCADE Buffers                                                     ; Off                ; Off                ;
; Ignore GLOBAL Buffers                                                      ; Off                ; Off                ;
; Ignore ROW GLOBAL Buffers                                                  ; Off                ; Off                ;
; Ignore LCELL Buffers                                                       ; Off                ; Off                ;
; Ignore SOFT Buffers                                                        ; On                 ; On                 ;
; Limit AHDL Integers to 32 Bits                                             ; Off                ; Off                ;
; Optimization Technique                                                     ; Balanced           ; Balanced           ;
; Carry Chain Length                                                         ; 70                 ; 70                 ;
; Auto Carry Chains                                                          ; On                 ; On                 ;
; Auto Open-Drain Pins                                                       ; On                 ; On                 ;
; Perform WYSIWYG Primitive Resynthesis                                      ; Off                ; Off                ;
; Auto ROM Replacement                                                       ; On                 ; On                 ;
; Auto RAM Replacement                                                       ; On                 ; On                 ;
; Auto Shift Register Replacement                                            ; Auto               ; Auto               ;
; Allow Shift Register Merging across Hierarchies                            ; Auto               ; Auto               ;
; Auto Clock Enable Replacement                                              ; On                 ; On                 ;
; Strict RAM Replacement                                                     ; Off                ; Off                ;
; Allow Synchronous Control Signals                                          ; On                 ; On                 ;
; Force Use of Synchronous Clear Signals                                     ; Off                ; Off                ;
; Auto RAM to Logic Cell Conversion                                          ; Off                ; Off                ;
; Auto Resource Sharing                                                      ; Off                ; Off                ;
; Allow Any RAM Size For Recognition                                         ; Off                ; Off                ;
; Allow Any ROM Size For Recognition                                         ; Off                ; Off                ;
; Allow Any Shift Register Size For Recognition                              ; Off                ; Off                ;
; Use LogicLock Constraints during Resource Balancing                        ; On                 ; On                 ;
; Ignore translate_off and synthesis_off directives                          ; Off                ; Off                ;
; Timing-Driven Synthesis                                                    ; Off                ; Off                ;
; Report Parameter Settings                                                  ; On                 ; On                 ;
; Report Source Assignments                                                  ; On                 ; On                 ;
; Report Connectivity Checks                                                 ; On                 ; On                 ;
; Ignore Maximum Fan-Out Assignments                                         ; Off                ; Off                ;
; Synchronization Register Chain Length                                      ; 2                  ; 2                  ;
; PowerPlay Power Optimization                                               ; Normal compilation ; Normal compilation ;
; HDL message level                                                          ; Level2             ; Level2             ;
; Suppress Register Optimization Related Messages                            ; Off                ; Off                ;
; Number of Removed Registers Reported in Synthesis Report                   ; 5000               ; 5000               ;
; Number of Inverted Registers Reported in Synthesis Report                  ; 100                ; 100                ;
; Clock MUX Protection                                                       ; On                 ; On                 ;
; Auto Gated Clock Conversion                                                ; Off                ; Off                ;
; Block Design Naming                                                        ; Auto               ; Auto               ;
; SDC constraint protection                                                  ; Off                ; Off                ;
; Synthesis Effort                                                           ; Auto               ; Auto               ;
; Shift Register Replacement - Allow Asynchronous Clear Signal               ; On                 ; On                 ;
; Analysis & Synthesis Message Level                                         ; Medium             ; Medium             ;
; Disable Register Merging Across Hierarchies                                ; Auto               ; Auto               ;
; Resource Aware Inference For Block RAM                                     ; On                 ; On                 ;
; Synthesis Seed                                                             ; 1                  ; 1                  ;
+----------------------------------------------------------------------------+--------------------+--------------------+


Parallel compilation was disabled, but you have multiple processors available. Enable parallel compilation to reduce compilation time.
+-------------------------------------+
; Parallel Compilation                ;
+----------------------------+--------+
; Processors                 ; Number ;
+----------------------------+--------+
; Number detected on machine ; 4      ;
; Maximum allowed            ; 1      ;
+----------------------------+--------+


+----------------------------------------------------------------------------------------------------------------------------+
; Analysis & Synthesis Source Files Read                                                                                     ;
+----------------------------------+-----------------+------------------------+----------------------------------------------+
; File Name with User-Entered Path ; Used in Netlist ; File Type              ; File Name with Absolute Path                 ;
+----------------------------------+-----------------+------------------------+----------------------------------------------+
; lab6part1.v                      ; yes             ; User Verilog HDL File  ; C:/Users/bay/Documents/lab6part1/lab6part1.v ;
+----------------------------------+-----------------+------------------------+----------------------------------------------+


+------------------------------------------------------+
; Analysis & Synthesis Resource Usage Summary          ;
+---------------------------------------------+--------+
; Resource                                    ; Usage  ;
+---------------------------------------------+--------+
; Estimated Total logic elements              ; 182    ;
;                                             ;        ;
; Total combinational functions               ; 141    ;
; Logic element usage by number of LUT inputs ;        ;
;     -- 4 input functions                    ; 68     ;
;     -- 3 input functions                    ; 47     ;
;     -- <=2 input functions                  ; 26     ;
;                                             ;        ;
; Logic elements by mode                      ;        ;
;     -- normal mode                          ; 125    ;
;     -- arithmetic mode                      ; 16     ;
;                                             ;        ;
; Total registers                             ; 75     ;
;     -- Dedicated logic registers            ; 75     ;
;     -- I/O registers                        ; 0      ;
;                                             ;        ;
; I/O pins                                    ; 57     ;
; Maximum fan-out node                        ; KEY[1] ;
; Maximum fan-out                             ; 75     ;
; Total fan-out                               ; 707    ;
; Average fan-out                             ; 2.59   ;
+---------------------------------------------+--------+


+---------------------------------------------------------------------------------------------------------------------------------------------------------------------------------------------+
; Analysis & Synthesis Resource Utilization by Entity                                                                                                                                         ;
+----------------------------+-------------------+--------------+-------------+--------------+---------+-----------+------+--------------+-------------------------------------+--------------+
; Compilation Hierarchy Node ; LC Combinationals ; LC Registers ; Memory Bits ; DSP Elements ; DSP 9x9 ; DSP 18x18 ; Pins ; Virtual Pins ; Full Hierarchy Name                 ; Library Name ;
+----------------------------+-------------------+--------------+-------------+--------------+---------+-----------+------+--------------+-------------------------------------+--------------+
; |lab6part1                 ; 141 (0)           ; 75 (0)       ; 0           ; 0            ; 0       ; 0         ; 57   ; 0            ; |lab6part1                          ;              ;
;    |l6:comb_21|            ; 141 (137)         ; 75 (0)       ; 0           ; 0            ; 0       ; 0         ; 0    ; 0            ; |lab6part1|l6:comb_21               ;              ;
;       |dec3to8:decX|       ; 2 (2)             ; 0 (0)        ; 0           ; 0            ; 0       ; 0         ; 0    ; 0            ; |lab6part1|l6:comb_21|dec3to8:decX  ;              ;
;       |regn:reg_0|         ; 0 (0)             ; 16 (16)      ; 0           ; 0            ; 0       ; 0         ; 0    ; 0            ; |lab6part1|l6:comb_21|regn:reg_0    ;              ;
;       |regn:reg_1|         ; 0 (0)             ; 16 (16)      ; 0           ; 0            ; 0       ; 0         ; 0    ; 0            ; |lab6part1|l6:comb_21|regn:reg_1    ;              ;
;       |regn:reg_A|         ; 0 (0)             ; 16 (16)      ; 0           ; 0            ; 0       ; 0         ; 0    ; 0            ; |lab6part1|l6:comb_21|regn:reg_A    ;              ;
;       |regn:reg_G|         ; 0 (0)             ; 16 (16)      ; 0           ; 0            ; 0       ; 0         ; 0    ; 0            ; |lab6part1|l6:comb_21|regn:reg_G    ;              ;
;       |regn:reg_IR|        ; 0 (0)             ; 9 (9)        ; 0           ; 0            ; 0       ; 0         ; 0    ; 0            ; |lab6part1|l6:comb_21|regn:reg_IR   ;              ;
;       |upcount:Tstep|      ; 2 (2)             ; 2 (2)        ; 0           ; 0            ; 0       ; 0         ; 0    ; 0            ; |lab6part1|l6:comb_21|upcount:Tstep ;              ;
+----------------------------+-------------------+--------------+-------------+--------------+---------+-----------+------+--------------+-------------------------------------+--------------+
Note: For table entries with two numbers listed, the numbers in parentheses indicate the number of resources of the given type used by the specific entity alone. The numbers listed outside of parentheses indicate the total resources of the given type used by the specific entity and all of its sub-entities in the hierarchy.


+----------------------------------------------------------------------------------------------------+
; User-Specified and Inferred Latches                                                                ;
+-----------------------------------------------------+---------------------+------------------------+
; Latch Name                                          ; Latch Enable Signal ; Free of Timing Hazards ;
+-----------------------------------------------------+---------------------+------------------------+
; l6:comb_21|Rout[0]                                  ; l6:comb_21|Mux28    ; yes                    ;
; l6:comb_21|Dout                                     ; l6:comb_21|Mux3     ; yes                    ;
; l6:comb_21|Gout                                     ; l6:comb_21|Mux2     ; yes                    ;
; l6:comb_21|Rout[1]                                  ; l6:comb_21|Mux28    ; yes                    ;
; l6:comb_21|Done                                     ; l6:comb_21|Mux3     ; yes                    ;
; l6:comb_21|Rin[0]                                   ; l6:comb_21|Mux13    ; yes                    ;
; l6:comb_21|Rin[1]                                   ; l6:comb_21|Mux13    ; yes                    ;
; l6:comb_21|GBus[0]                                  ; l6:comb_21|GBus[0]  ; yes                    ;
; l6:comb_21|Gin                                      ; l6:comb_21|Mux2     ; yes                    ;
; l6:comb_21|GBus[1]                                  ; l6:comb_21|GBus[0]  ; yes                    ;
; l6:comb_21|GBus[2]                                  ; l6:comb_21|GBus[0]  ; yes                    ;
; l6:comb_21|GBus[3]                                  ; l6:comb_21|GBus[0]  ; yes                    ;
; l6:comb_21|GBus[4]                                  ; l6:comb_21|GBus[0]  ; yes                    ;
; l6:comb_21|GBus[5]                                  ; l6:comb_21|GBus[0]  ; yes                    ;
; l6:comb_21|GBus[6]                                  ; l6:comb_21|GBus[0]  ; yes                    ;
; l6:comb_21|GBus[7]                                  ; l6:comb_21|GBus[0]  ; yes                    ;
; l6:comb_21|GBus[8]                                  ; l6:comb_21|GBus[0]  ; yes                    ;
; l6:comb_21|GBus[9]                                  ; l6:comb_21|GBus[0]  ; yes                    ;
; l6:comb_21|GBus[10]                                 ; l6:comb_21|GBus[0]  ; yes                    ;
; l6:comb_21|GBus[11]                                 ; l6:comb_21|GBus[0]  ; yes                    ;
; l6:comb_21|GBus[12]                                 ; l6:comb_21|GBus[0]  ; yes                    ;
; l6:comb_21|GBus[13]                                 ; l6:comb_21|GBus[0]  ; yes                    ;
; l6:comb_21|GBus[14]                                 ; l6:comb_21|GBus[0]  ; yes                    ;
; l6:comb_21|GBus[15]                                 ; l6:comb_21|GBus[0]  ; yes                    ;
; l6:comb_21|IRin                                     ; l6:comb_21|Mux2     ; yes                    ;
; l6:comb_21|addsub                                   ; l6:comb_21|Mux3     ; yes                    ;
; l6:comb_21|Ain                                      ; l6:comb_21|Mux3     ; yes                    ;
; Number of user-specified and inferred latches = 27  ;                     ;                        ;
+-----------------------------------------------------+---------------------+------------------------+
Note: All latches listed above may not be present at the end of synthesis due to various synthesis optimizations.


+------------------------------------------------------+
; General Register Statistics                          ;
+----------------------------------------------+-------+
; Statistic                                    ; Value ;
+----------------------------------------------+-------+
; Total registers                              ; 75    ;
; Number of registers using Synchronous Clear  ; 0     ;
; Number of registers using Synchronous Load   ; 0     ;
; Number of registers using Asynchronous Clear ; 0     ;
; Number of registers using Asynchronous Load  ; 0     ;
; Number of registers using Clock Enable       ; 73    ;
; Number of registers using Preset             ; 0     ;
+----------------------------------------------+-------+


+-----------------------------------------------------------------------------------------------------------------------------------------------------------------+
; Multiplexer Restructuring Statistics (Restructuring Performed)                                                                                                  ;
+--------------------+-----------+---------------+----------------------+------------------------+-----------------------------------+----------------------------+
; Multiplexer Inputs ; Bus Width ; Baseline Area ; Area if Restructured ; Saving if Restructured ; Registered                        ; Example Multiplexer Output ;
+--------------------+-----------+---------------+----------------------+------------------------+-----------------------------------+----------------------------+
; 3:1                ; 3 bits    ; 6 LEs         ; 6 LEs                ; 0 LEs                  ; |lab6part1|l6:comb_21|Mux13       ;                            ;
; 4:1                ; 16 bits   ; 32 LEs        ; 32 LEs               ; 0 LEs                  ; |lab6part1|l6:comb_21|Add0        ;                            ;
; 5:1                ; 16 bits   ; 48 LEs        ; 32 LEs               ; 16 LEs                 ; |lab6part1|l6:comb_21|BusWires[0] ;                            ;
; 4:1                ; 16 bits   ; 32 LEs        ; 16 LEs               ; 16 LEs                 ; |lab6part1|l6:comb_21|GBus[4]     ;                            ;
; 5:1                ; 2 bits    ; 6 LEs         ; 2 LEs                ; 4 LEs                  ; |lab6part1|l6:comb_21|Mux19       ;                            ;
; 7:1                ; 2 bits    ; 8 LEs         ; 4 LEs                ; 4 LEs                  ; |lab6part1|l6:comb_21|Mux22       ;                            ;
+--------------------+-----------+---------------+----------------------+------------------------+-----------------------------------+----------------------------+


+---------------------------------------------------------------------+
; Parameter Settings for User Entity Instance: l6:comb_21|regn:reg_IR ;
+----------------+-------+--------------------------------------------+
; Parameter Name ; Value ; Type                                       ;
+----------------+-------+--------------------------------------------+
; n              ; 16    ; Signed Integer                             ;
+----------------+-------+--------------------------------------------+
Note: In order to hide this table in the UI and the text report file, please set the "Show Parameter Settings in Synthesis Report" option in "Analysis and Synthesis Settings -> More Settings" to "Off".


+--------------------------------------------------------------------+
; Parameter Settings for User Entity Instance: l6:comb_21|regn:reg_A ;
+----------------+-------+-------------------------------------------+
; Parameter Name ; Value ; Type                                      ;
+----------------+-------+-------------------------------------------+
; n              ; 16    ; Signed Integer                            ;
+----------------+-------+-------------------------------------------+
Note: In order to hide this table in the UI and the text report file, please set the "Show Parameter Settings in Synthesis Report" option in "Analysis and Synthesis Settings -> More Settings" to "Off".


+--------------------------------------------------------------------+
; Parameter Settings for User Entity Instance: l6:comb_21|regn:reg_G ;
+----------------+-------+-------------------------------------------+
; Parameter Name ; Value ; Type                                      ;
+----------------+-------+-------------------------------------------+
; n              ; 16    ; Signed Integer                            ;
+----------------+-------+-------------------------------------------+
Note: In order to hide this table in the UI and the text report file, please set the "Show Parameter Settings in Synthesis Report" option in "Analysis and Synthesis Settings -> More Settings" to "Off".


+--------------------------------------------------------------------+
; Parameter Settings for User Entity Instance: l6:comb_21|regn:reg_0 ;
+----------------+-------+-------------------------------------------+
; Parameter Name ; Value ; Type                                      ;
+----------------+-------+-------------------------------------------+
; n              ; 16    ; Signed Integer                            ;
+----------------+-------+-------------------------------------------+
Note: In order to hide this table in the UI and the text report file, please set the "Show Parameter Settings in Synthesis Report" option in "Analysis and Synthesis Settings -> More Settings" to "Off".


+--------------------------------------------------------------------+
; Parameter Settings for User Entity Instance: l6:comb_21|regn:reg_1 ;
+----------------+-------+-------------------------------------------+
; Parameter Name ; Value ; Type                                      ;
+----------------+-------+-------------------------------------------+
; n              ; 16    ; Signed Integer                            ;
+----------------+-------+-------------------------------------------+
Note: In order to hide this table in the UI and the text report file, please set the "Show Parameter Settings in Synthesis Report" option in "Analysis and Synthesis Settings -> More Settings" to "Off".


+-----------------------------------------------------+
; Port Connectivity Checks: "l6:comb_21|dec3to8:decY" ;
+------+-------+----------+---------------------------+
; Port ; Type  ; Severity ; Details                   ;
+------+-------+----------+---------------------------+
; En   ; Input ; Info     ; Stuck at VCC              ;
+------+-------+----------+---------------------------+


+-----------------------------------------------------+
; Port Connectivity Checks: "l6:comb_21|dec3to8:decX" ;
+------+-------+----------+---------------------------+
; Port ; Type  ; Severity ; Details                   ;
+------+-------+----------+---------------------------+
; En   ; Input ; Info     ; Stuck at VCC              ;
+------+-------+----------+---------------------------+


+----------------------------------------------------------------------------------------------------------------+
; Port Connectivity Checks: "l6:comb_21"                                                                         ;
+------+--------+----------+-------------------------------------------------------------------------------------+
; Port ; Type   ; Severity ; Details                                                                             ;
+------+--------+----------+-------------------------------------------------------------------------------------+
; R0   ; Output ; Info     ; Connected to dangling logic. Logic that only feeds a dangling port will be removed. ;
; R1   ; Output ; Info     ; Connected to dangling logic. Logic that only feeds a dangling port will be removed. ;
; RA   ; Output ; Info     ; Connected to dangling logic. Logic that only feeds a dangling port will be removed. ;
; RG   ; Output ; Info     ; Connected to dangling logic. Logic that only feeds a dangling port will be removed. ;
; IR   ; Output ; Info     ; Connected to dangling logic. Logic that only feeds a dangling port will be removed. ;
+------+--------+----------+-------------------------------------------------------------------------------------+


+-------------------------------+
; Elapsed Time Per Partition    ;
+----------------+--------------+
; Partition Name ; Elapsed Time ;
+----------------+--------------+
; Top            ; 00:00:03     ;
+----------------+--------------+


+-------------------------------+
; Analysis & Synthesis Messages ;
+-------------------------------+
Info: *******************************************************************
Info: Running Quartus II 32-bit Analysis & Synthesis
    Info: Version 11.1 Build 259 01/25/2012 Service Pack 2 SJ Web Edition
    Info: Processing started: Sun Mar 22 01:20:40 2015
Info: Command: quartus_map --read_settings_files=on --write_settings_files=off lab6part1 -c lab6part1
Warning (20028): Parallel compilation is not licensed and has been disabled
Info (12021): Found 5 design units, including 5 entities, in source file lab6part1.v
    Info (12023): Found entity 1: lab6part1
    Info (12023): Found entity 2: l6
    Info (12023): Found entity 3: upcount
    Info (12023): Found entity 4: dec3to8
    Info (12023): Found entity 5: regn
Critical Warning (10846): Verilog HDL Instantiation warning at lab6part1.v(13): instance has no name
Info (12127): Elaborating entity "lab6part1" for the top level hierarchy
Warning (10034): Output port "LEDR[16]" at lab6part1.v(4) has no driver
Info (12128): Elaborating entity "l6" for hierarchy "l6:comb_21"
Warning (10235): Verilog HDL Always Construct warning at lab6part1.v(52): variable "Resetn" is read inside the Always Construct but isn't in the Always Construct's Event Control
Warning (10235): Verilog HDL Always Construct warning at lab6part1.v(57): variable "Dout" is read inside the Always Construct but isn't in the Always Construct's Event Control
Warning (10235): Verilog HDL Always Construct warning at lab6part1.v(58): variable "DIN" is read inside the Always Construct but isn't in the Always Construct's Event Control
Warning (10235): Verilog HDL Always Construct warning at lab6part1.v(59): variable "Rout" is read inside the Always Construct but isn't in the Always Construct's Event Control
Warning (10235): Verilog HDL Always Construct warning at lab6part1.v(61): variable "Gin" is read inside the Always Construct but isn't in the Always Construct's Event Control
Warning (10235): Verilog HDL Always Construct warning at lab6part1.v(63): variable "addsub" is read inside the Always Construct but isn't in the Always Construct's Event Control
Warning (10235): Verilog HDL Always Construct warning at lab6part1.v(64): variable "RA" is read inside the Always Construct but isn't in the Always Construct's Event Control
Warning (10235): Verilog HDL Always Construct warning at lab6part1.v(64): variable "R0" is read inside the Always Construct but isn't in the Always Construct's Event Control
Warning (10235): Verilog HDL Always Construct warning at lab6part1.v(66): variable "R0" is read inside the Always Construct but isn't in the Always Construct's Event Control
Warning (10235): Verilog HDL Always Construct warning at lab6part1.v(66): variable "RA" is read inside the Always Construct but isn't in the Always Construct's Event Control
Warning (10235): Verilog HDL Always Construct warning at lab6part1.v(69): variable "R0" is read inside the Always Construct but isn't in the Always Construct's Event Control
Warning (10235): Verilog HDL Always Construct warning at lab6part1.v(71): variable "Rout" is read inside the Always Construct but isn't in the Always Construct's Event Control
Warning (10235): Verilog HDL Always Construct warning at lab6part1.v(73): variable "Gin" is read inside the Always Construct but isn't in the Always Construct's Event Control
Warning (10235): Verilog HDL Always Construct warning at lab6part1.v(75): variable "addsub" is read inside the Always Construct but isn't in the Always Construct's Event Control
Warning (10235): Verilog HDL Always Construct warning at lab6part1.v(76): variable "RA" is read inside the Always Construct but isn't in the Always Construct's Event Control
Warning (10235): Verilog HDL Always Construct warning at lab6part1.v(76): variable "R1" is read inside the Always Construct but isn't in the Always Construct's Event Control
Warning (10235): Verilog HDL Always Construct warning at lab6part1.v(78): variable "R1" is read inside the Always Construct but isn't in the Always Construct's Event Control
Warning (10235): Verilog HDL Always Construct warning at lab6part1.v(78): variable "RA" is read inside the Always Construct but isn't in the Always Construct's Event Control
Warning (10235): Verilog HDL Always Construct warning at lab6part1.v(81): variable "R1" is read inside the Always Construct but isn't in the Always Construct's Event Control
Warning (10235): Verilog HDL Always Construct warning at lab6part1.v(83): variable "Gout" is read inside the Always Construct but isn't in the Always Construct's Event Control
Warning (10235): Verilog HDL Always Construct warning at lab6part1.v(84): variable "RG" is read inside the Always Construct but isn't in the Always Construct's Event Control
Warning (10235): Verilog HDL Always Construct warning at lab6part1.v(88): variable "DIN" is read inside the Always Construct but isn't in the Always Construct's Event Control
Warning (10240): Verilog HDL Always Construct warning at lab6part1.v(50): inferring latch(es) for variable "GBus", which holds its previous value in one or more paths through the always construct
Warning (10235): Verilog HDL Always Construct warning at lab6part1.v(110): variable "Run" is read inside the Always Construct but isn't in the Always Construct's Event Control
Warning (10270): Verilog HDL Case Statement warning at lab6part1.v(112): incomplete case statement has no default case item
Warning (10270): Verilog HDL Case Statement warning at lab6part1.v(226): incomplete case statement has no default case item
Warning (10270): Verilog HDL Case Statement warning at lab6part1.v(282): incomplete case statement has no default case item
Warning (10240): Verilog HDL Always Construct warning at lab6part1.v(91): inferring latch(es) for variable "Done", which holds its previous value in one or more paths through the always construct
Warning (10240): Verilog HDL Always Construct warning at lab6part1.v(91): inferring latch(es) for variable "IRin", which holds its previous value in one or more paths through the always construct
Warning (10240): Verilog HDL Always Construct warning at lab6part1.v(91): inferring latch(es) for variable "Rout", which holds its previous value in one or more paths through the always construct
Warning (10240): Verilog HDL Always Construct warning at lab6part1.v(91): inferring latch(es) for variable "Ain", which holds its previous value in one or more paths through the always construct
Warning (10240): Verilog HDL Always Construct warning at lab6part1.v(91): inferring latch(es) for variable "Gin", which holds its previous value in one or more paths through the always construct
Warning (10240): Verilog HDL Always Construct warning at lab6part1.v(91): inferring latch(es) for variable "Dout", which holds its previous value in one or more paths through the always construct
Warning (10240): Verilog HDL Always Construct warning at lab6part1.v(91): inferring latch(es) for variable "Gout", which holds its previous value in one or more paths through the always construct
Warning (10240): Verilog HDL Always Construct warning at lab6part1.v(91): inferring latch(es) for variable "addsub", which holds its previous value in one or more paths through the always construct
Warning (10240): Verilog HDL Always Construct warning at lab6part1.v(91): inferring latch(es) for variable "Rin", which holds its previous value in one or more paths through the always construct
Info (10041): Inferred latch for "Rin[0]" at lab6part1.v(91)
Info (10041): Inferred latch for "Rin[1]" at lab6part1.v(91)
Info (10041): Inferred latch for "addsub" at lab6part1.v(91)
Info (10041): Inferred latch for "Gout" at lab6part1.v(91)
Info (10041): Inferred latch for "Dout" at lab6part1.v(91)
Info (10041): Inferred latch for "Gin" at lab6part1.v(91)
Info (10041): Inferred latch for "Ain" at lab6part1.v(91)
Info (10041): Inferred latch for "Rout[0]" at lab6part1.v(91)
Info (10041): Inferred latch for "Rout[1]" at lab6part1.v(91)
Info (10041): Inferred latch for "IRin" at lab6part1.v(91)
Info (10041): Inferred latch for "Done" at lab6part1.v(91)
Info (10041): Inferred latch for "GBus[0]" at lab6part1.v(59)
Info (10041): Inferred latch for "GBus[1]" at lab6part1.v(59)
Info (10041): Inferred latch for "GBus[2]" at lab6part1.v(59)
Info (10041): Inferred latch for "GBus[3]" at lab6part1.v(59)
Info (10041): Inferred latch for "GBus[4]" at lab6part1.v(59)
Info (10041): Inferred latch for "GBus[5]" at lab6part1.v(59)
Info (10041): Inferred latch for "GBus[6]" at lab6part1.v(59)
Info (10041): Inferred latch for "GBus[7]" at lab6part1.v(59)
Info (10041): Inferred latch for "GBus[8]" at lab6part1.v(59)
Info (10041): Inferred latch for "GBus[9]" at lab6part1.v(59)
Info (10041): Inferred latch for "GBus[10]" at lab6part1.v(59)
Info (10041): Inferred latch for "GBus[11]" at lab6part1.v(59)
Info (10041): Inferred latch for "GBus[12]" at lab6part1.v(59)
Info (10041): Inferred latch for "GBus[13]" at lab6part1.v(59)
Info (10041): Inferred latch for "GBus[14]" at lab6part1.v(59)
Info (10041): Inferred latch for "GBus[15]" at lab6part1.v(59)
Info (12128): Elaborating entity "upcount" for hierarchy "l6:comb_21|upcount:Tstep"
Info (12128): Elaborating entity "dec3to8" for hierarchy "l6:comb_21|dec3to8:decX"
Info (12128): Elaborating entity "regn" for hierarchy "l6:comb_21|regn:reg_IR"
Warning (13012): Latch l6:comb_21|Rout[0] has unsafe behavior
    Warning (13013): Ports D and ENA on the latch are fed by the same signal l6:comb_21|regn:reg_IR|Q[8]
Warning (13012): Latch l6:comb_21|Dout has unsafe behavior
    Warning (13013): Ports D and ENA on the latch are fed by the same signal l6:comb_21|regn:reg_IR|Q[14]
Warning (13012): Latch l6:comb_21|Gout has unsafe behavior
    Warning (13013): Ports D and ENA on the latch are fed by the same signal l6:comb_21|upcount:Tstep|Q[0]
Warning (13012): Latch l6:comb_21|Rout[1] has unsafe behavior
    Warning (13013): Ports D and ENA on the latch are fed by the same signal l6:comb_21|regn:reg_IR|Q[8]
Warning (13012): Latch l6:comb_21|Done has unsafe behavior
    Warning (13013): Ports D and ENA on the latch are fed by the same signal l6:comb_21|upcount:Tstep|Q[0]
Warning (13012): Latch l6:comb_21|Rin[0] has unsafe behavior
    Warning (13013): Ports D and ENA on the latch are fed by the same signal l6:comb_21|regn:reg_IR|Q[11]
Warning (13012): Latch l6:comb_21|Rin[1] has unsafe behavior
    Warning (13013): Ports D and ENA on the latch are fed by the same signal l6:comb_21|regn:reg_IR|Q[11]
Warning (13012): Latch l6:comb_21|GBus[0] has unsafe behavior
    Warning (13013): Ports D and ENA on the latch are fed by the same signal l6:comb_21|Gin
Warning (13012): Latch l6:comb_21|Gin has unsafe behavior
    Warning (13013): Ports D and ENA on the latch are fed by the same signal l6:comb_21|upcount:Tstep|Q[0]
Warning (13012): Latch l6:comb_21|GBus[1] has unsafe behavior
    Warning (13013): Ports D and ENA on the latch are fed by the same signal l6:comb_21|Gin
Warning (13012): Latch l6:comb_21|GBus[2] has unsafe behavior
    Warning (13013): Ports D and ENA on the latch are fed by the same signal l6:comb_21|Gin
Warning (13012): Latch l6:comb_21|GBus[3] has unsafe behavior
    Warning (13013): Ports D and ENA on the latch are fed by the same signal l6:comb_21|Gin
Warning (13012): Latch l6:comb_21|GBus[4] has unsafe behavior
    Warning (13013): Ports D and ENA on the latch are fed by the same signal l6:comb_21|Gin
Warning (13012): Latch l6:comb_21|GBus[5] has unsafe behavior
    Warning (13013): Ports D and ENA on the latch are fed by the same signal l6:comb_21|Gin
Warning (13012): Latch l6:comb_21|GBus[6] has unsafe behavior
    Warning (13013): Ports D and ENA on the latch are fed by the same signal l6:comb_21|Gin
Warning (13012): Latch l6:comb_21|GBus[7] has unsafe behavior
    Warning (13013): Ports D and ENA on the latch are fed by the same signal l6:comb_21|Gin
Warning (13012): Latch l6:comb_21|GBus[8] has unsafe behavior
    Warning (13013): Ports D and ENA on the latch are fed by the same signal l6:comb_21|Gin
Warning (13012): Latch l6:comb_21|GBus[9] has unsafe behavior
    Warning (13013): Ports D and ENA on the latch are fed by the same signal l6:comb_21|Gin
Warning (13012): Latch l6:comb_21|GBus[10] has unsafe behavior
    Warning (13013): Ports D and ENA on the latch are fed by the same signal l6:comb_21|Gin
Warning (13012): Latch l6:comb_21|GBus[11] has unsafe behavior
    Warning (13013): Ports D and ENA on the latch are fed by the same signal l6:comb_21|Gin
Warning (13012): Latch l6:comb_21|GBus[12] has unsafe behavior
    Warning (13013): Ports D and ENA on the latch are fed by the same signal l6:comb_21|Gin
Warning (13012): Latch l6:comb_21|GBus[13] has unsafe behavior
    Warning (13013): Ports D and ENA on the latch are fed by the same signal l6:comb_21|Gin
Warning (13012): Latch l6:comb_21|GBus[14] has unsafe behavior
    Warning (13013): Ports D and ENA on the latch are fed by the same signal l6:comb_21|Gin
Warning (13012): Latch l6:comb_21|GBus[15] has unsafe behavior
    Warning (13013): Ports D and ENA on the latch are fed by the same signal l6:comb_21|Gin
Warning (13012): Latch l6:comb_21|IRin has unsafe behavior
    Warning (13013): Ports D and ENA on the latch are fed by the same signal l6:comb_21|upcount:Tstep|Q[0]
Warning (13012): Latch l6:comb_21|addsub has unsafe behavior
    Warning (13013): Ports D and ENA on the latch are fed by the same signal l6:comb_21|upcount:Tstep|Q[0]
Warning (13012): Latch l6:comb_21|Ain has unsafe behavior
    Warning (13013): Ports D and ENA on the latch are fed by the same signal l6:comb_21|regn:reg_IR|Q[14]
Warning (13024): Output pins are stuck at VCC or GND
    Warning (13410): Pin "LEDR[16]" is stuck at GND
    Warning (13410): Pin "LEDG[2]" is stuck at GND
    Warning (13410): Pin "LEDG[3]" is stuck at GND
    Warning (13410): Pin "LEDG[4]" is stuck at GND
    Warning (13410): Pin "LEDG[5]" is stuck at GND
    Warning (13410): Pin "LEDG[6]" is stuck at GND
    Warning (13410): Pin "LEDG[7]" is stuck at GND
    Warning (13410): Pin "LEDG[8]" is stuck at GND
    Warning (13410): Pin "LEDG[9]" is stuck at GND
    Warning (13410): Pin "LEDG[10]" is stuck at GND
    Warning (13410): Pin "LEDG[11]" is stuck at GND
    Warning (13410): Pin "LEDG[12]" is stuck at GND
    Warning (13410): Pin "LEDG[13]" is stuck at GND
    Warning (13410): Pin "LEDG[14]" is stuck at GND
    Warning (13410): Pin "LEDG[15]" is stuck at GND
    Warning (13410): Pin "LEDG[16]" is stuck at GND
    Warning (13410): Pin "LEDG[17]" is stuck at GND
Info (16010): Generating hard_block partition "hard_block:auto_generated_inst"
Warning (21074): Design contains 2 input pin(s) that do not drive logic
    Warning (15610): No output dependent on input pin "SW[16]"
    Warning (15610): No output dependent on input pin "KEY[0]"
Info (21057): Implemented 271 device resources after synthesis - the final resource count might be different
    Info (21058): Implemented 21 input pins
    Info (21059): Implemented 36 output pins
    Info (21061): Implemented 214 logic cells
Info: Quartus II 32-bit Analysis & Synthesis was successful. 0 errors, 114 warnings
    Info: Peak virtual memory: 304 megabytes
    Info: Processing ended: Sun Mar 22 01:20:46 2015
    Info: Elapsed time: 00:00:06
    Info: Total CPU time (on all processors): 00:00:06


