Flow report for lab6part2
Mon Mar 16 01:13:56 2015
Quartus II 32-bit Version 11.1 Build 259 01/25/2012 Service Pack 2 SJ Web Edition


---------------------
; Table of Contents ;
---------------------
  1. Legal Notice
  2. Flow Summary
  3. Flow Settings
  4. Flow Non-Default Global Settings
  5. Flow Elapsed Time
  6. Flow OS Summary
  7. Flow Log



----------------
; Legal Notice ;
----------------
Copyright (C) 1991-2011 Altera Corporation
Your use of Altera Corporation's design tools, logic functions 
and other software and tools, and its AMPP partner logic 
functions, and any output files from any of the foregoing 
(including device programming or simulation files), and any 
associated documentation or information are expressly subject 
to the terms and conditions of the Altera Program License 
Subscription Agreement, Altera MegaCore Function License 
Agreement, or other applicable license agreement, including, 
without limitation, that your use is for the sole purpose of 
programming logic devices manufactured by Altera and sold by 
Altera or its authorized distributors.  Please refer to the 
applicable agreement for further details.



+------------------------------------------------------------------------------------+
; Flow Summary                                                                       ;
+------------------------------------+-----------------------------------------------+
; Flow Status                        ; Successful - Mon Mar 16 01:13:54 2015         ;
; Quartus II 32-bit Version          ; 11.1 Build 259 01/25/2012 SP 2 SJ Web Edition ;
; Revision Name                      ; lab6part2                                     ;
; Top-level Entity Name              ; lab6part2                                     ;
; Family                             ; Cyclone II                                    ;
; Device                             ; EP2C35F672C6                                  ;
; Timing Models                      ; Final                                         ;
; Total logic elements               ; 139 / 33,216 ( < 1 % )                        ;
;     Total combinational functions  ; 127 / 33,216 ( < 1 % )                        ;
;     Dedicated logic registers      ; 80 / 33,216 ( < 1 % )                         ;
; Total registers                    ; 80                                            ;
; Total pins                         ; 48 / 475 ( 10 % )                             ;
; Total virtual pins                 ; 0                                             ;
; Total memory bits                  ; 512 / 483,840 ( < 1 % )                       ;
; Embedded Multiplier 9-bit elements ; 0 / 70 ( 0 % )                                ;
; Total PLLs                         ; 0 / 4 ( 0 % )                                 ;
+------------------------------------+-----------------------------------------------+


+-----------------------------------------+
; Flow Settings                           ;
+-------------------+---------------------+
; Option            ; Setting             ;
+-------------------+---------------------+
; Start date & time ; 03/16/2015 01:13:04 ;
; Main task         ; Compilation         ;
; Revision Name     ; lab6part2           ;
+-------------------+---------------------+


+-----------------------------------------------------------------------------------------------------------------+
; Flow Non-Default Global Settings                                                                                ;
+-------------------------------------+--------------------------------+---------------+-------------+------------+
; Assignment Name                     ; Value                          ; Default Value ; Entity Name ; Section Id ;
+-------------------------------------+--------------------------------+---------------+-------------+------------+
; COMPILER_SIGNATURE_ID               ; 64535573484319.142648278301348 ; --            ; --          ; --         ;
; IP_TOOL_NAME                        ; ROM: 1-PORT                    ; --            ; --          ; --         ;
; IP_TOOL_NAME                        ; ROM: 1-PORT                    ; --            ; --          ; --         ;
; IP_TOOL_VERSION                     ; 11.1                           ; --            ; --          ; --         ;
; IP_TOOL_VERSION                     ; 11.1                           ; --            ; --          ; --         ;
; MAX_CORE_JUNCTION_TEMP              ; 85                             ; --            ; --          ; --         ;
; MIN_CORE_JUNCTION_TEMP              ; 0                              ; --            ; --          ; --         ;
; MISC_FILE                           ; LPM_bb.v                       ; --            ; --          ; --         ;
; MISC_FILE                           ; inst_mem_bb.v                  ; --            ; --          ; --         ;
; PARTITION_COLOR                     ; 16764057                       ; --            ; --          ; Top        ;
; PARTITION_FITTER_PRESERVATION_LEVEL ; PLACEMENT_AND_ROUTING          ; --            ; --          ; Top        ;
; PARTITION_NETLIST_TYPE              ; SOURCE                         ; --            ; --          ; Top        ;
+-------------------------------------+--------------------------------+---------------+-------------+------------+


+-------------------------------------------------------------------------------------------------------------------------------+
; Flow Elapsed Time                                                                                                             ;
+---------------------------+--------------+-------------------------+---------------------+------------------------------------+
; Module Name               ; Elapsed Time ; Average Processors Used ; Peak Virtual Memory ; Total CPU Time (on all processors) ;
+---------------------------+--------------+-------------------------+---------------------+------------------------------------+
; Analysis & Synthesis      ; 00:00:11     ; 1.0                     ; 314 MB              ; 00:00:11                           ;
; Fitter                    ; 00:00:22     ; 1.0                     ; 410 MB              ; 00:00:18                           ;
; Assembler                 ; 00:00:11     ; 1.0                     ; 346 MB              ; 00:00:07                           ;
; TimeQuest Timing Analyzer ; 00:00:13     ; 1.0                     ; 306 MB              ; 00:00:07                           ;
; Total                     ; 00:00:57     ; --                      ; --                  ; 00:00:43                           ;
+---------------------------+--------------+-------------------------+---------------------+------------------------------------+


+----------------------------------------------------------------------------------------+
; Flow OS Summary                                                                        ;
+---------------------------+------------------+-----------+------------+----------------+
; Module Name               ; Machine Hostname ; OS Name   ; OS Version ; Processor type ;
+---------------------------+------------------+-----------+------------+----------------+
; Analysis & Synthesis      ; BayZhang         ; Windows 7 ; 6.2        ; x86_64         ;
; Fitter                    ; BayZhang         ; Windows 7 ; 6.2        ; x86_64         ;
; Assembler                 ; BayZhang         ; Windows 7 ; 6.2        ; x86_64         ;
; TimeQuest Timing Analyzer ; BayZhang         ; Windows 7 ; 6.2        ; x86_64         ;
+---------------------------+------------------+-----------+------------+----------------+


------------
; Flow Log ;
------------
quartus_map --read_settings_files=on --write_settings_files=off lab6part2 -c lab6part2
quartus_fit --read_settings_files=off --write_settings_files=off lab6part2 -c lab6part2
quartus_asm --read_settings_files=off --write_settings_files=off lab6part2 -c lab6part2
quartus_sta lab6part2 -c lab6part2



