Flow report for lab6part3
Wed Mar 25 19:24:22 2015
Quartus II 64-Bit Version 11.1 Build 259 01/25/2012 Service Pack 2 SJ Full Version


---------------------
; Table of Contents ;
---------------------
  1. Legal Notice
  2. Flow Summary
  3. Flow Settings
  4. Flow Non-Default Global Settings
  5. Flow Elapsed Time
  6. Flow OS Summary
  7. Flow Log



----------------
; Legal Notice ;
----------------
Copyright (C) 1991-2011 Altera Corporation
Your use of Altera Corporation's design tools, logic functions 
and other software and tools, and its AMPP partner logic 
functions, and any output files from any of the foregoing 
(including device programming or simulation files), and any 
associated documentation or information are expressly subject 
to the terms and conditions of the Altera Program License 
Subscription Agreement, Altera MegaCore Function License 
Agreement, or other applicable license agreement, including, 
without limitation, that your use is for the sole purpose of 
programming logic devices manufactured by Altera and sold by 
Altera or its authorized distributors.  Please refer to the 
applicable agreement for further details.



+-------------------------------------------------------------------------------------+
; Flow Summary                                                                        ;
+------------------------------------+------------------------------------------------+
; Flow Status                        ; Successful - Wed Mar 25 19:24:22 2015          ;
; Quartus II 64-Bit Version          ; 11.1 Build 259 01/25/2012 SP 2 SJ Full Version ;
; Revision Name                      ; lab6part3                                      ;
; Top-level Entity Name              ; lab6part3                                      ;
; Family                             ; Cyclone II                                     ;
; Device                             ; EP2C35F672C6                                   ;
; Timing Models                      ; Final                                          ;
; Total logic elements               ; 310 / 33,216 ( < 1 % )                         ;
;     Total combinational functions  ; 252 / 33,216 ( < 1 % )                         ;
;     Dedicated logic registers      ; 148 / 33,216 ( < 1 % )                         ;
; Total registers                    ; 148                                            ;
; Total pins                         ; 177 / 475 ( 37 % )                             ;
; Total virtual pins                 ; 0                                              ;
; Total memory bits                  ; 2,048 / 483,840 ( < 1 % )                      ;
; Embedded Multiplier 9-bit elements ; 0 / 70 ( 0 % )                                 ;
; Total PLLs                         ; 0 / 4 ( 0 % )                                  ;
+------------------------------------+------------------------------------------------+


+-----------------------------------------+
; Flow Settings                           ;
+-------------------+---------------------+
; Option            ; Setting             ;
+-------------------+---------------------+
; Start date & time ; 03/25/2015 19:23:53 ;
; Main task         ; Compilation         ;
; Revision Name     ; lab6part3           ;
+-------------------+---------------------+


+-------------------------------------------------------------------------------------------------------------------+
; Flow Non-Default Global Settings                                                                                  ;
+-------------------------------------+------------------------------+---------------+-------------+----------------+
; Assignment Name                     ; Value                        ; Default Value ; Entity Name ; Section Id     ;
+-------------------------------------+------------------------------+---------------+-------------+----------------+
; COMPILER_SIGNATURE_ID               ; 156980626474.142732583304292 ; --            ; --          ; --             ;
; EDA_GENERATE_FUNCTIONAL_NETLIST     ; On                           ; --            ; --          ; eda_simulation ;
; EDA_OUTPUT_DATA_FORMAT              ; Verilog Hdl                  ; --            ; --          ; eda_simulation ;
; EDA_SIMULATION_TOOL                 ; ModelSim-Altera (Verilog)    ; <None>        ; --          ; --             ;
; IP_TOOL_NAME                        ; RAM: 1-PORT                  ; --            ; --          ; --             ;
; IP_TOOL_NAME                        ; RAM: 1-PORT                  ; --            ; --          ; --             ;
; IP_TOOL_VERSION                     ; 11.1                         ; --            ; --          ; --             ;
; IP_TOOL_VERSION                     ; 11.1                         ; --            ; --          ; --             ;
; MAX_CORE_JUNCTION_TEMP              ; 85                           ; --            ; --          ; --             ;
; MIN_CORE_JUNCTION_TEMP              ; 0                            ; --            ; --          ; --             ;
; MISC_FILE                           ; memory_bb.v                  ; --            ; --          ; --             ;
; MISC_FILE                           ; memory_bb_bb.v               ; --            ; --          ; --             ;
; OPTIMIZE_MULTI_CORNER_TIMING        ; On                           ; Off           ; --          ; --             ;
; PARTITION_COLOR                     ; 16764057                     ; --            ; --          ; Top            ;
; PARTITION_FITTER_PRESERVATION_LEVEL ; PLACEMENT_AND_ROUTING        ; --            ; --          ; Top            ;
; PARTITION_NETLIST_TYPE              ; SOURCE                       ; --            ; --          ; Top            ;
; PROJECT_OUTPUT_DIRECTORY            ; output_files                 ; --            ; --          ; --             ;
+-------------------------------------+------------------------------+---------------+-------------+----------------+


+-------------------------------------------------------------------------------------------------------------------------------+
; Flow Elapsed Time                                                                                                             ;
+---------------------------+--------------+-------------------------+---------------------+------------------------------------+
; Module Name               ; Elapsed Time ; Average Processors Used ; Peak Virtual Memory ; Total CPU Time (on all processors) ;
+---------------------------+--------------+-------------------------+---------------------+------------------------------------+
; Analysis & Synthesis      ; 00:00:07     ; 1.0                     ; 388 MB              ; 00:00:05                           ;
; Fitter                    ; 00:00:10     ; 1.8                     ; 558 MB              ; 00:00:13                           ;
; Assembler                 ; 00:00:04     ; 1.0                     ; 413 MB              ; 00:00:03                           ;
; TimeQuest Timing Analyzer ; 00:00:04     ; 1.0                     ; 357 MB              ; 00:00:03                           ;
; EDA Netlist Writer        ; 00:00:01     ; 1.0                     ; 323 MB              ; 00:00:01                           ;
; Total                     ; 00:00:26     ; --                      ; --                  ; 00:00:25                           ;
+---------------------------+--------------+-------------------------+---------------------+------------------------------------+


+----------------------------------------------------------------------------------------+
; Flow OS Summary                                                                        ;
+---------------------------+------------------+-----------+------------+----------------+
; Module Name               ; Machine Hostname ; OS Name   ; OS Version ; Processor type ;
+---------------------------+------------------+-----------+------------+----------------+
; Analysis & Synthesis      ; SFB520WS13       ; Windows 7 ; 6.1        ; x86_64         ;
; Fitter                    ; SFB520WS13       ; Windows 7 ; 6.1        ; x86_64         ;
; Assembler                 ; SFB520WS13       ; Windows 7 ; 6.1        ; x86_64         ;
; TimeQuest Timing Analyzer ; SFB520WS13       ; Windows 7 ; 6.1        ; x86_64         ;
; EDA Netlist Writer        ; SFB520WS13       ; Windows 7 ; 6.1        ; x86_64         ;
+---------------------------+------------------+-----------+------------+----------------+


------------
; Flow Log ;
------------
quartus_map --read_settings_files=on --write_settings_files=off lab6part3 -c lab6part3
quartus_fit --read_settings_files=off --write_settings_files=off lab6part3 -c lab6part3
quartus_asm --read_settings_files=off --write_settings_files=off lab6part3 -c lab6part3
quartus_sta lab6part3 -c lab6part3
quartus_eda --read_settings_files=off --write_settings_files=off lab6part3 -c lab6part3



